<!DOCTYPE html PUBLIC "-//W3C//DTD XHTML 1.1//EN" "https://www.w3.org/TR/xhtml11/DTD/xhtml11.dtd">
<html xmlns="https://www.w3.org/1999/xhtml">
<head>
<meta http-equiv="content-type" content="text/html; charset=UTF-8"/>
<title>TestNG Report</title>
<style type="text/css">table {margin-bottom:10px;border-collapse:collapse;empty-cells:show}th,td {border:1px solid #009;padding:.25em .5em}th {vertical-align:bottom}td {vertical-align:top}table a {font-weight:bold}.stripe td {background-color: #E6EBF9}.num {text-align:right}.passedodd td {background-color: #3F3}.passedeven td {background-color: #0A0}.skippedodd td {background-color: #DDD}.skippedeven td {background-color: #CCC}.failedodd td,.attn {background-color: #F33}.failedeven td,.stripe .attn {background-color: #D00}.stacktrace {white-space:pre;font-family:monospace}.totop {font-size:85%;text-align:center;border-bottom:2px solid #000}.invisible {display:none}</style>
</head>
<body>
<table>
<tr><th>Test</th><th># Passed</th><th># Skipped</th><th># Retried</th><th># Failed</th><th>Time (ms)</th><th>Included Groups</th><th>Excluded Groups</th></tr>
<tr><th colspan="8">E-commerceapplication</th></tr>
<tr><td><a href="#t0">AutomationExcercise</a></td><td class="num">4</td><td class="num">0</td><td class="num attn">3</td><td class="num attn">1</td><td class="num">183,609</td><td></td><td></td></tr>
</table>
<table id='summary'><thead><tr><th>Class</th><th>Method</th><th>Start</th><th>Time (ms)</th></tr></thead><tbody><tr><th colspan="4">E-commerceapplication</th></tr></tbody><tbody id="t0"><tr><th colspan="4">AutomationExcercise &#8212; failed</th></tr><tr class="failedeven"><td rowspan="1">com.automation.testcases.TC5_ValidateInvoiceAfterPurchase</td><td><a href="#m0">validateInvoice</a></td><td rowspan="1">1696577263235</td><td rowspan="1">5</td></tr><tr><th colspan="4">AutomationExcercise &#8212; retried</th></tr><tr class="retriedeven"><td rowspan="3">com.automation.testcases.TC5_ValidateInvoiceAfterPurchase</td><td><a href="#m1">validateInvoice</a></td><td rowspan="3">1696577263217</td><td rowspan="3">6</td></tr><tr class="retriedeven"><td><a href="#m2">validateInvoice</a></td></tr><tr class="retriedeven"><td><a href="#m3">validateInvoice</a></td></tr><tr><th colspan="4">AutomationExcercise &#8212; passed</th></tr><tr class="passedeven"><td rowspan="1">com.automation.testcases.TC1_RegistrationProcess</td><td><a href="#m4">userRegistration</a></td><td rowspan="1">1696577094390</td><td rowspan="1">11347</td></tr><tr class="passedodd"><td rowspan="1">com.automation.testcases.TC2_ValidateCardItems</td><td><a href="#m5">validateAddItemToCartAndNonExistenceProduct</a></td><td rowspan="1">1696577125113</td><td rowspan="1">25111</td></tr><tr class="passedeven"><td rowspan="1">com.automation.testcases.TC3_ValidateAddressDetailsIncheckoutPage</td><td><a href="#m6">validateAddressDetailsInCheckoutPage</a></td><td rowspan="1">1696577165104</td><td rowspan="1">39478</td></tr><tr class="passedodd"><td rowspan="1">com.automation.testcases.TC4_ValidateScrollUScrollDown</td><td><a href="#m7">testScrollUpScrollDown</a></td><td rowspan="1">1696577221967</td><td rowspan="1">473</td></tr></tbody>
</table>
<h2>AutomationExcercise</h2><h3 id="m0">com.automation.testcases.TC5_ValidateInvoiceAfterPurchase#validateInvoice</h3><table class="result"><tr><th>Exception</th></tr><tr><td><div class="stacktrace">java.lang.AssertionError
	at org.junit.Assert.fail(Assert.java:87)
	at org.junit.Assert.assertTrue(Assert.java:42)
	at org.junit.Assert.assertTrue(Assert.java:53)
	at com.automation.pageobjects.HomePage.verifyHomePage(HomePage.java:101)
	at com.automation.testcases.TC5_ValidateInvoiceAfterPurchase.validateInvoice(TC5_ValidateInvoiceAfterPurchase.java:24)
	at java.base/java.util.ArrayList.forEach(ArrayList.java:1511)
... Removed 31 stack frames</div></td></tr></table><p class="totop"><a href="#summary">back to summary</a></p>
<h3 id="m1">com.automation.testcases.TC5_ValidateInvoiceAfterPurchase#validateInvoice</h3><table class="result"><tr><th>Exception</th></tr><tr><td><div class="stacktrace">java.lang.AssertionError
	at org.junit.Assert.fail(Assert.java:87)
	at org.junit.Assert.assertTrue(Assert.java:42)
	at org.junit.Assert.assertTrue(Assert.java:53)
	at com.automation.pageobjects.HomePage.verifyHomePage(HomePage.java:101)
	at com.automation.testcases.TC5_ValidateInvoiceAfterPurchase.validateInvoice(TC5_ValidateInvoiceAfterPurchase.java:24)
	at java.base/java.util.ArrayList.forEach(ArrayList.java:1511)
... Removed 31 stack frames</div></td></tr></table><p class="totop"><a href="#summary">back to summary</a></p>
<h3 id="m2">com.automation.testcases.TC5_ValidateInvoiceAfterPurchase#validateInvoice</h3><table class="result"><tr><th>Exception</th></tr><tr><td><div class="stacktrace">java.lang.AssertionError
	at org.junit.Assert.fail(Assert.java:87)
	at org.junit.Assert.assertTrue(Assert.java:42)
	at org.junit.Assert.assertTrue(Assert.java:53)
	at com.automation.pageobjects.HomePage.verifyHomePage(HomePage.java:101)
	at com.automation.testcases.TC5_ValidateInvoiceAfterPurchase.validateInvoice(TC5_ValidateInvoiceAfterPurchase.java:24)
	at java.base/java.util.ArrayList.forEach(ArrayList.java:1511)
... Removed 31 stack frames</div></td></tr></table><p class="totop"><a href="#summary">back to summary</a></p>
<h3 id="m3">com.automation.testcases.TC5_ValidateInvoiceAfterPurchase#validateInvoice</h3><table class="result"><tr><th>Exception</th></tr><tr><td><div class="stacktrace">java.lang.AssertionError
	at org.junit.Assert.fail(Assert.java:87)
	at org.junit.Assert.assertTrue(Assert.java:42)
	at org.junit.Assert.assertFalse(Assert.java:65)
	at org.junit.Assert.assertFalse(Assert.java:75)
	at com.automation.pageobjects.PaymentPage.verifyPaymentSuccessMsg(PaymentPage.java:70)
	at com.automation.testcases.TC5_ValidateInvoiceAfterPurchase.validateInvoice(TC5_ValidateInvoiceAfterPurchase.java:49)
	at java.base/java.util.ArrayList.forEach(ArrayList.java:1511)
... Removed 31 stack frames</div></td></tr></table><p class="totop"><a href="#summary">back to summary</a></p>
<h3 id="m4">com.automation.testcases.TC1_RegistrationProcess#userRegistration</h3><table class="result"><tr class="param"><th>Parameter #1</th><th>Parameter #2</th><th>Parameter #3</th><th>Parameter #4</th><th>Parameter #5</th><th>Parameter #6</th><th>Parameter #7</th><th>Parameter #8</th><th>Parameter #9</th><th>Parameter #10</th><th>Parameter #11</th><th>Parameter #12</th><th>Parameter #13</th><th>Parameter #14</th><th>Parameter #15</th><th>Parameter #16</th><th>Parameter #17</th><th>Parameter #18</th><th>Parameter #19</th><th>Parameter #20</th><th>Parameter #21</th><th>Parameter #22</th></tr><tr class="param stripe"><td>New User Signup</td><td>boston1</td><td>boston14@gmail.com</td><td>ENTER ACCOUNT INFORMATION</td><td>Janet6@Automation7</td><td>12</td><td>December</td><td>2020</td><td>ADDRESS INFORMATION</td><td>janet5</td><td>a</td><td>wipro</td><td>gandhi street</td><td>bheema ra street</td><td>India</td><td>tn</td><td>chennai</td><td>607002</td><td>1010101010</td><td>ACCOUNT CREATED!</td><td>ACCOUNT CREATED</td><td>logged in as boston1</td></tr></table><p class="totop"><a href="#summary">back to summary</a></p>
<h3 id="m5">com.automation.testcases.TC2_ValidateCardItems#validateAddItemToCartAndNonExistenceProduct</h3><table class="result"><tr><th class="invisible"/></tr></table><p class="totop"><a href="#summary">back to summary</a></p>
<h3 id="m6">com.automation.testcases.TC3_ValidateAddressDetailsIncheckoutPage#validateAddressDetailsInCheckoutPage</h3><table class="result"><tr><th class="invisible"/></tr></table><p class="totop"><a href="#summary">back to summary</a></p>
<h3 id="m7">com.automation.testcases.TC4_ValidateScrollUScrollDown#testScrollUpScrollDown</h3><table class="result"><tr><th class="invisible"/></tr></table><p class="totop"><a href="#summary">back to summary</a></p>
</body>
</html>
