<?xml version="1.0" encoding="UTF-8"?>
<testng-results retried="3" ignored="0" total="8" passed="4" failed="1" skipped="0">
  <reporter-output>
  </reporter-output>
  <suite started-at="2023-10-06T13:41:45 IST" name="E-commerceapplication" finished-at="2023-10-06T13:45:46 IST" duration-ms="240453">
    <groups>
      <group name="regression">
        <method signature="TC3_ValidateAddressDetailsIncheckoutPage.validateAddressDetailsInCheckoutPage()[pri:0, instance:com.automation.testcases.TC3_ValidateAddressDetailsIncheckoutPage@15bb5034]" name="validateAddressDetailsInCheckoutPage" class="com.automation.testcases.TC3_ValidateAddressDetailsIncheckoutPage"/>
      </group> <!-- regression -->
      <group name="smoke">
        <method signature="TC1_RegistrationProcess.userRegistration(java.lang.String,java.lang.String,java.lang.String,java.lang.String,java.lang.String,java.lang.String,java.lang.String,java.lang.String,java.lang.String,java.lang.String,java.lang.String,java.lang.String,java.lang.String,java.lang.String,java.lang.String,java.lang.String,java.lang.String,java.lang.String,java.lang.String,java.lang.String,java.lang.String,java.lang.String)[pri:0, instance:com.automation.testcases.TC1_RegistrationProcess@26d9b808]" name="userRegistration" class="com.automation.testcases.TC1_RegistrationProcess"/>
        <method signature="TC2_ValidateCardItems.validateAddItemToCartAndNonExistenceProduct()[pri:0, instance:com.automation.testcases.TC2_ValidateCardItems@7d0b7e3c]" name="validateAddItemToCartAndNonExistenceProduct" class="com.automation.testcases.TC2_ValidateCardItems"/>
        <method signature="TC4_ValidateScrollUScrollDown.testScrollUpScrollDown()[pri:0, instance:com.automation.testcases.TC4_ValidateScrollUScrollDown@4b741d6d]" name="testScrollUpScrollDown" class="com.automation.testcases.TC4_ValidateScrollUScrollDown"/>
        <method signature="TC5_ValidateInvoiceAfterPurchase.validateInvoice()[pri:0, instance:com.automation.testcases.TC5_ValidateInvoiceAfterPurchase@2eae8e6e]" name="validateInvoice" class="com.automation.testcases.TC5_ValidateInvoiceAfterPurchase"/>
      </group> <!-- smoke -->
    </groups>
    <test started-at="2023-10-06T13:41:45 IST" name="AutomationExcercise" finished-at="2023-10-06T13:45:46 IST" duration-ms="240453">
      <class name="com.automation.testcases.TC5_ValidateInvoiceAfterPurchase">
        <test-method is-config="true" signature="launchBrowser()[pri:0, instance:com.automation.testcases.TC5_ValidateInvoiceAfterPurchase@2eae8e6e]" started-at="2023-10-06T13:44:53 IST" name="launchBrowser" finished-at="2023-10-06T13:45:19 IST" duration-ms="26333" status="PASS">
          <reporter-output>
          </reporter-output>
        </test-method> <!-- launchBrowser -->
        <test-method retried="true" signature="validateInvoice()[pri:0, instance:com.automation.testcases.TC5_ValidateInvoiceAfterPurchase@2eae8e6e]" started-at="2023-10-06T13:45:19 IST" name="validateInvoice" finished-at="2023-10-06T13:45:44 IST" duration-ms="24875" status="SKIP">
          <exception class="java.lang.AssertionError">
            <full-stacktrace>
              <![CDATA[java.lang.AssertionError
at org.junit.Assert.fail(Assert.java:87)
at org.junit.Assert.assertTrue(Assert.java:42)
at org.junit.Assert.assertFalse(Assert.java:65)
at org.junit.Assert.assertFalse(Assert.java:75)
at com.automation.pageobjects.PaymentPage.verifyPaymentSuccessMsg(PaymentPage.java:70)
at com.automation.testcases.TC5_ValidateInvoiceAfterPurchase.validateInvoice(TC5_ValidateInvoiceAfterPurchase.java:49)
at java.base/jdk.internal.reflect.NativeMethodAccessorImpl.invoke0(Native Method)
at java.base/jdk.internal.reflect.NativeMethodAccessorImpl.invoke(NativeMethodAccessorImpl.java:77)
at java.base/jdk.internal.reflect.DelegatingMethodAccessorImpl.invoke(DelegatingMethodAccessorImpl.java:43)
at java.base/java.lang.reflect.Method.invoke(Method.java:568)
at org.testng.internal.invokers.MethodInvocationHelper.invokeMethod(MethodInvocationHelper.java:139)
at org.testng.internal.invokers.TestInvoker.invokeMethod(TestInvoker.java:677)
at org.testng.internal.invokers.TestInvoker.invokeTestMethod(TestInvoker.java:221)
at org.testng.internal.invokers.MethodRunner.runInSequence(MethodRunner.java:50)
at org.testng.internal.invokers.TestInvoker$MethodInvocationAgent.invoke(TestInvoker.java:962)
at org.testng.internal.invokers.TestInvoker.invokeTestMethods(TestInvoker.java:194)
at org.testng.internal.invokers.TestMethodWorker.invokeTestMethods(TestMethodWorker.java:148)
at org.testng.internal.invokers.TestMethodWorker.run(TestMethodWorker.java:128)
at java.base/java.util.ArrayList.forEach(ArrayList.java:1511)
at org.testng.TestRunner.privateRun(TestRunner.java:806)
at org.testng.TestRunner.run(TestRunner.java:601)
at org.testng.SuiteRunner.runTest(SuiteRunner.java:433)
at org.testng.SuiteRunner.runSequentially(SuiteRunner.java:427)
at org.testng.SuiteRunner.privateRun(SuiteRunner.java:387)
at org.testng.SuiteRunner.run(SuiteRunner.java:330)
at org.testng.SuiteRunnerWorker.runSuite(SuiteRunnerWorker.java:52)
at org.testng.SuiteRunnerWorker.run(SuiteRunnerWorker.java:95)
at org.testng.TestNG.runSuitesSequentially(TestNG.java:1256)
at org.testng.TestNG.runSuitesLocally(TestNG.java:1176)
at org.testng.TestNG.runSuites(TestNG.java:1099)
at org.testng.TestNG.run(TestNG.java:1067)
at org.apache.maven.surefire.testng.TestNGExecutor.run(TestNGExecutor.java:284)
at org.apache.maven.surefire.testng.TestNGXmlTestSuite.execute(TestNGXmlTestSuite.java:75)
at org.apache.maven.surefire.testng.TestNGProvider.invoke(TestNGProvider.java:119)
at org.apache.maven.surefire.booter.ForkedBooter.runSuitesInProcess(ForkedBooter.java:428)
at org.apache.maven.surefire.booter.ForkedBooter.execute(ForkedBooter.java:162)
at org.apache.maven.surefire.booter.ForkedBooter.run(ForkedBooter.java:562)
at org.apache.maven.surefire.booter.ForkedBooter.main(ForkedBooter.java:548)
]]>
            </full-stacktrace>
          </exception> <!-- java.lang.AssertionError -->
          <reporter-output>
          </reporter-output>
        </test-method> <!-- validateInvoice -->
        <test-method retried="true" signature="validateInvoice()[pri:0, instance:com.automation.testcases.TC5_ValidateInvoiceAfterPurchase@2eae8e6e]" started-at="2023-10-06T13:45:44 IST" name="validateInvoice" finished-at="2023-10-06T13:45:44 IST" duration-ms="8" status="SKIP">
          <exception class="java.lang.AssertionError">
            <full-stacktrace>
              <![CDATA[java.lang.AssertionError
at org.junit.Assert.fail(Assert.java:87)
at org.junit.Assert.assertTrue(Assert.java:42)
at org.junit.Assert.assertTrue(Assert.java:53)
at com.automation.pageobjects.HomePage.verifyHomePage(HomePage.java:101)
at com.automation.testcases.TC5_ValidateInvoiceAfterPurchase.validateInvoice(TC5_ValidateInvoiceAfterPurchase.java:24)
at java.base/jdk.internal.reflect.NativeMethodAccessorImpl.invoke0(Native Method)
at java.base/jdk.internal.reflect.NativeMethodAccessorImpl.invoke(NativeMethodAccessorImpl.java:77)
at java.base/jdk.internal.reflect.DelegatingMethodAccessorImpl.invoke(DelegatingMethodAccessorImpl.java:43)
at java.base/java.lang.reflect.Method.invoke(Method.java:568)
at org.testng.internal.invokers.MethodInvocationHelper.invokeMethod(MethodInvocationHelper.java:139)
at org.testng.internal.invokers.TestInvoker.invokeMethod(TestInvoker.java:677)
at org.testng.internal.invokers.TestInvoker.retryFailed(TestInvoker.java:263)
at org.testng.internal.invokers.MethodRunner.runInSequence(MethodRunner.java:62)
at org.testng.internal.invokers.TestInvoker$MethodInvocationAgent.invoke(TestInvoker.java:962)
at org.testng.internal.invokers.TestInvoker.invokeTestMethods(TestInvoker.java:194)
at org.testng.internal.invokers.TestMethodWorker.invokeTestMethods(TestMethodWorker.java:148)
at org.testng.internal.invokers.TestMethodWorker.run(TestMethodWorker.java:128)
at java.base/java.util.ArrayList.forEach(ArrayList.java:1511)
at org.testng.TestRunner.privateRun(TestRunner.java:806)
at org.testng.TestRunner.run(TestRunner.java:601)
at org.testng.SuiteRunner.runTest(SuiteRunner.java:433)
at org.testng.SuiteRunner.runSequentially(SuiteRunner.java:427)
at org.testng.SuiteRunner.privateRun(SuiteRunner.java:387)
at org.testng.SuiteRunner.run(SuiteRunner.java:330)
at org.testng.SuiteRunnerWorker.runSuite(SuiteRunnerWorker.java:52)
at org.testng.SuiteRunnerWorker.run(SuiteRunnerWorker.java:95)
at org.testng.TestNG.runSuitesSequentially(TestNG.java:1256)
at org.testng.TestNG.runSuitesLocally(TestNG.java:1176)
at org.testng.TestNG.runSuites(TestNG.java:1099)
at org.testng.TestNG.run(TestNG.java:1067)
at org.apache.maven.surefire.testng.TestNGExecutor.run(TestNGExecutor.java:284)
at org.apache.maven.surefire.testng.TestNGXmlTestSuite.execute(TestNGXmlTestSuite.java:75)
at org.apache.maven.surefire.testng.TestNGProvider.invoke(TestNGProvider.java:119)
at org.apache.maven.surefire.booter.ForkedBooter.runSuitesInProcess(ForkedBooter.java:428)
at org.apache.maven.surefire.booter.ForkedBooter.execute(ForkedBooter.java:162)
at org.apache.maven.surefire.booter.ForkedBooter.run(ForkedBooter.java:562)
at org.apache.maven.surefire.booter.ForkedBooter.main(ForkedBooter.java:548)
]]>
            </full-stacktrace>
          </exception> <!-- java.lang.AssertionError -->
          <reporter-output>
          </reporter-output>
        </test-method> <!-- validateInvoice -->
        <test-method retried="true" signature="validateInvoice()[pri:0, instance:com.automation.testcases.TC5_ValidateInvoiceAfterPurchase@2eae8e6e]" started-at="2023-10-06T13:45:44 IST" name="validateInvoice" finished-at="2023-10-06T13:45:44 IST" duration-ms="12" status="SKIP">
          <exception class="java.lang.AssertionError">
            <full-stacktrace>
              <![CDATA[java.lang.AssertionError
at org.junit.Assert.fail(Assert.java:87)
at org.junit.Assert.assertTrue(Assert.java:42)
at org.junit.Assert.assertTrue(Assert.java:53)
at com.automation.pageobjects.HomePage.verifyHomePage(HomePage.java:101)
at com.automation.testcases.TC5_ValidateInvoiceAfterPurchase.validateInvoice(TC5_ValidateInvoiceAfterPurchase.java:24)
at java.base/jdk.internal.reflect.NativeMethodAccessorImpl.invoke0(Native Method)
at java.base/jdk.internal.reflect.NativeMethodAccessorImpl.invoke(NativeMethodAccessorImpl.java:77)
at java.base/jdk.internal.reflect.DelegatingMethodAccessorImpl.invoke(DelegatingMethodAccessorImpl.java:43)
at java.base/java.lang.reflect.Method.invoke(Method.java:568)
at org.testng.internal.invokers.MethodInvocationHelper.invokeMethod(MethodInvocationHelper.java:139)
at org.testng.internal.invokers.TestInvoker.invokeMethod(TestInvoker.java:677)
at org.testng.internal.invokers.TestInvoker.retryFailed(TestInvoker.java:263)
at org.testng.internal.invokers.MethodRunner.runInSequence(MethodRunner.java:62)
at org.testng.internal.invokers.TestInvoker$MethodInvocationAgent.invoke(TestInvoker.java:962)
at org.testng.internal.invokers.TestInvoker.invokeTestMethods(TestInvoker.java:194)
at org.testng.internal.invokers.TestMethodWorker.invokeTestMethods(TestMethodWorker.java:148)
at org.testng.internal.invokers.TestMethodWorker.run(TestMethodWorker.java:128)
at java.base/java.util.ArrayList.forEach(ArrayList.java:1511)
at org.testng.TestRunner.privateRun(TestRunner.java:806)
at org.testng.TestRunner.run(TestRunner.java:601)
at org.testng.SuiteRunner.runTest(SuiteRunner.java:433)
at org.testng.SuiteRunner.runSequentially(SuiteRunner.java:427)
at org.testng.SuiteRunner.privateRun(SuiteRunner.java:387)
at org.testng.SuiteRunner.run(SuiteRunner.java:330)
at org.testng.SuiteRunnerWorker.runSuite(SuiteRunnerWorker.java:52)
at org.testng.SuiteRunnerWorker.run(SuiteRunnerWorker.java:95)
at org.testng.TestNG.runSuitesSequentially(TestNG.java:1256)
at org.testng.TestNG.runSuitesLocally(TestNG.java:1176)
at org.testng.TestNG.runSuites(TestNG.java:1099)
at org.testng.TestNG.run(TestNG.java:1067)
at org.apache.maven.surefire.testng.TestNGExecutor.run(TestNGExecutor.java:284)
at org.apache.maven.surefire.testng.TestNGXmlTestSuite.execute(TestNGXmlTestSuite.java:75)
at org.apache.maven.surefire.testng.TestNGProvider.invoke(TestNGProvider.java:119)
at org.apache.maven.surefire.booter.ForkedBooter.runSuitesInProcess(ForkedBooter.java:428)
at org.apache.maven.surefire.booter.ForkedBooter.execute(ForkedBooter.java:162)
at org.apache.maven.surefire.booter.ForkedBooter.run(ForkedBooter.java:562)
at org.apache.maven.surefire.booter.ForkedBooter.main(ForkedBooter.java:548)
]]>
            </full-stacktrace>
          </exception> <!-- java.lang.AssertionError -->
          <reporter-output>
          </reporter-output>
        </test-method> <!-- validateInvoice -->
        <test-method signature="validateInvoice()[pri:0, instance:com.automation.testcases.TC5_ValidateInvoiceAfterPurchase@2eae8e6e]" started-at="2023-10-06T13:45:44 IST" name="validateInvoice" finished-at="2023-10-06T13:45:44 IST" duration-ms="10" status="FAIL">
          <exception class="java.lang.AssertionError">
            <full-stacktrace>
              <![CDATA[java.lang.AssertionError
at org.junit.Assert.fail(Assert.java:87)
at org.junit.Assert.assertTrue(Assert.java:42)
at org.junit.Assert.assertTrue(Assert.java:53)
at com.automation.pageobjects.HomePage.verifyHomePage(HomePage.java:101)
at com.automation.testcases.TC5_ValidateInvoiceAfterPurchase.validateInvoice(TC5_ValidateInvoiceAfterPurchase.java:24)
at java.base/jdk.internal.reflect.NativeMethodAccessorImpl.invoke0(Native Method)
at java.base/jdk.internal.reflect.NativeMethodAccessorImpl.invoke(NativeMethodAccessorImpl.java:77)
at java.base/jdk.internal.reflect.DelegatingMethodAccessorImpl.invoke(DelegatingMethodAccessorImpl.java:43)
at java.base/java.lang.reflect.Method.invoke(Method.java:568)
at org.testng.internal.invokers.MethodInvocationHelper.invokeMethod(MethodInvocationHelper.java:139)
at org.testng.internal.invokers.TestInvoker.invokeMethod(TestInvoker.java:677)
at org.testng.internal.invokers.TestInvoker.retryFailed(TestInvoker.java:263)
at org.testng.internal.invokers.MethodRunner.runInSequence(MethodRunner.java:62)
at org.testng.internal.invokers.TestInvoker$MethodInvocationAgent.invoke(TestInvoker.java:962)
at org.testng.internal.invokers.TestInvoker.invokeTestMethods(TestInvoker.java:194)
at org.testng.internal.invokers.TestMethodWorker.invokeTestMethods(TestMethodWorker.java:148)
at org.testng.internal.invokers.TestMethodWorker.run(TestMethodWorker.java:128)
at java.base/java.util.ArrayList.forEach(ArrayList.java:1511)
at org.testng.TestRunner.privateRun(TestRunner.java:806)
at org.testng.TestRunner.run(TestRunner.java:601)
at org.testng.SuiteRunner.runTest(SuiteRunner.java:433)
at org.testng.SuiteRunner.runSequentially(SuiteRunner.java:427)
at org.testng.SuiteRunner.privateRun(SuiteRunner.java:387)
at org.testng.SuiteRunner.run(SuiteRunner.java:330)
at org.testng.SuiteRunnerWorker.runSuite(SuiteRunnerWorker.java:52)
at org.testng.SuiteRunnerWorker.run(SuiteRunnerWorker.java:95)
at org.testng.TestNG.runSuitesSequentially(TestNG.java:1256)
at org.testng.TestNG.runSuitesLocally(TestNG.java:1176)
at org.testng.TestNG.runSuites(TestNG.java:1099)
at org.testng.TestNG.run(TestNG.java:1067)
at org.apache.maven.surefire.testng.TestNGExecutor.run(TestNGExecutor.java:284)
at org.apache.maven.surefire.testng.TestNGXmlTestSuite.execute(TestNGXmlTestSuite.java:75)
at org.apache.maven.surefire.testng.TestNGProvider.invoke(TestNGProvider.java:119)
at org.apache.maven.surefire.booter.ForkedBooter.runSuitesInProcess(ForkedBooter.java:428)
at org.apache.maven.surefire.booter.ForkedBooter.execute(ForkedBooter.java:162)
at org.apache.maven.surefire.booter.ForkedBooter.run(ForkedBooter.java:562)
at org.apache.maven.surefire.booter.ForkedBooter.main(ForkedBooter.java:548)
]]>
            </full-stacktrace>
          </exception> <!-- java.lang.AssertionError -->
          <reporter-output>
          </reporter-output>
        </test-method> <!-- validateInvoice -->
        <test-method is-config="true" signature="closeBrowser()[pri:0, instance:com.automation.testcases.TC5_ValidateInvoiceAfterPurchase@2eae8e6e]" started-at="2023-10-06T13:45:45 IST" name="closeBrowser" finished-at="2023-10-06T13:45:46 IST" duration-ms="1362" status="PASS">
          <reporter-output>
          </reporter-output>
        </test-method> <!-- closeBrowser -->
      </class> <!-- com.automation.testcases.TC5_ValidateInvoiceAfterPurchase -->
      <class name="com.automation.testcases.TC1_RegistrationProcess">
        <test-method is-config="true" signature="launchBrowser()[pri:0, instance:com.automation.testcases.TC1_RegistrationProcess@26d9b808]" started-at="2023-10-06T13:41:46 IST" name="launchBrowser" finished-at="2023-10-06T13:42:09 IST" duration-ms="23336" status="PASS">
          <reporter-output>
          </reporter-output>
        </test-method> <!-- launchBrowser -->
        <test-method signature="userRegistration(java.lang.String,java.lang.String,java.lang.String,java.lang.String,java.lang.String,java.lang.String,java.lang.String,java.lang.String,java.lang.String,java.lang.String,java.lang.String,java.lang.String,java.lang.String,java.lang.String,java.lang.String,java.lang.String,java.lang.String,java.lang.String,java.lang.String,java.lang.String,java.lang.String,java.lang.String)[pri:0, instance:com.automation.testcases.TC1_RegistrationProcess@26d9b808]" started-at="2023-10-06T13:42:11 IST" name="userRegistration" data-provider="getLogData" finished-at="2023-10-06T13:42:31 IST" duration-ms="20954" status="PASS">
          <params>
            <param index="0">
              <value>
                <![CDATA[New User Signup]]>
              </value>
            </param>
            <param index="1">
              <value>
                <![CDATA[boston1]]>
              </value>
            </param>
            <param index="2">
              <value>
                <![CDATA[boston17@gmail.com]]>
              </value>
            </param>
            <param index="3">
              <value>
                <![CDATA[ENTER ACCOUNT INFORMATION]]>
              </value>
            </param>
            <param index="4">
              <value>
                <![CDATA[Janet6@Automation7]]>
              </value>
            </param>
            <param index="5">
              <value>
                <![CDATA[12]]>
              </value>
            </param>
            <param index="6">
              <value>
                <![CDATA[December]]>
              </value>
            </param>
            <param index="7">
              <value>
                <![CDATA[2020]]>
              </value>
            </param>
            <param index="8">
              <value>
                <![CDATA[ADDRESS INFORMATION]]>
              </value>
            </param>
            <param index="9">
              <value>
                <![CDATA[janet5]]>
              </value>
            </param>
            <param index="10">
              <value>
                <![CDATA[a]]>
              </value>
            </param>
            <param index="11">
              <value>
                <![CDATA[wipro]]>
              </value>
            </param>
            <param index="12">
              <value>
                <![CDATA[gandhi street]]>
              </value>
            </param>
            <param index="13">
              <value>
                <![CDATA[bheema ra street]]>
              </value>
            </param>
            <param index="14">
              <value>
                <![CDATA[India]]>
              </value>
            </param>
            <param index="15">
              <value>
                <![CDATA[tn]]>
              </value>
            </param>
            <param index="16">
              <value>
                <![CDATA[chennai]]>
              </value>
            </param>
            <param index="17">
              <value>
                <![CDATA[607002]]>
              </value>
            </param>
            <param index="18">
              <value>
                <![CDATA[1010101010]]>
              </value>
            </param>
            <param index="19">
              <value>
                <![CDATA[ACCOUNT CREATED!]]>
              </value>
            </param>
            <param index="20">
              <value>
                <![CDATA[ACCOUNT CREATED]]>
              </value>
            </param>
            <param index="21">
              <value>
                <![CDATA[logged in as boston1]]>
              </value>
            </param>
          </params>
          <reporter-output>
          </reporter-output>
        </test-method> <!-- userRegistration -->
        <test-method is-config="true" signature="closeBrowser()[pri:0, instance:com.automation.testcases.TC1_RegistrationProcess@26d9b808]" started-at="2023-10-06T13:42:31 IST" name="closeBrowser" finished-at="2023-10-06T13:42:33 IST" duration-ms="1603" status="PASS">
          <reporter-output>
          </reporter-output>
        </test-method> <!-- closeBrowser -->
      </class> <!-- com.automation.testcases.TC1_RegistrationProcess -->
      <class name="com.automation.testcases.TC2_ValidateCardItems">
        <test-method is-config="true" signature="launchBrowser()[pri:0, instance:com.automation.testcases.TC2_ValidateCardItems@7d0b7e3c]" started-at="2023-10-06T13:42:33 IST" name="launchBrowser" finished-at="2023-10-06T13:42:56 IST" duration-ms="22441" status="PASS">
          <reporter-output>
          </reporter-output>
        </test-method> <!-- launchBrowser -->
        <test-method signature="validateAddItemToCartAndNonExistenceProduct()[pri:0, instance:com.automation.testcases.TC2_ValidateCardItems@7d0b7e3c]" started-at="2023-10-06T13:42:56 IST" name="validateAddItemToCartAndNonExistenceProduct" finished-at="2023-10-06T13:43:34 IST" duration-ms="38157" status="PASS">
          <reporter-output>
          </reporter-output>
        </test-method> <!-- validateAddItemToCartAndNonExistenceProduct -->
        <test-method is-config="true" signature="closeBrowser()[pri:0, instance:com.automation.testcases.TC2_ValidateCardItems@7d0b7e3c]" started-at="2023-10-06T13:43:34 IST" name="closeBrowser" finished-at="2023-10-06T13:43:35 IST" duration-ms="1495" status="PASS">
          <reporter-output>
          </reporter-output>
        </test-method> <!-- closeBrowser -->
      </class> <!-- com.automation.testcases.TC2_ValidateCardItems -->
      <class name="com.automation.testcases.TC3_ValidateAddressDetailsIncheckoutPage">
        <test-method is-config="true" signature="launchBrowser()[pri:0, instance:com.automation.testcases.TC3_ValidateAddressDetailsIncheckoutPage@15bb5034]" started-at="2023-10-06T13:43:35 IST" name="launchBrowser" finished-at="2023-10-06T13:43:57 IST" duration-ms="22020" status="PASS">
          <reporter-output>
          </reporter-output>
        </test-method> <!-- launchBrowser -->
        <test-method signature="validateAddressDetailsInCheckoutPage()[pri:0, instance:com.automation.testcases.TC3_ValidateAddressDetailsIncheckoutPage@15bb5034]" started-at="2023-10-06T13:43:57 IST" name="validateAddressDetailsInCheckoutPage" finished-at="2023-10-06T13:44:28 IST" duration-ms="31082" status="PASS">
          <reporter-output>
          </reporter-output>
        </test-method> <!-- validateAddressDetailsInCheckoutPage -->
        <test-method is-config="true" signature="closeBrowser()[pri:0, instance:com.automation.testcases.TC3_ValidateAddressDetailsIncheckoutPage@15bb5034]" started-at="2023-10-06T13:44:28 IST" name="closeBrowser" finished-at="2023-10-06T13:44:30 IST" duration-ms="1296" status="PASS">
          <reporter-output>
          </reporter-output>
        </test-method> <!-- closeBrowser -->
      </class> <!-- com.automation.testcases.TC3_ValidateAddressDetailsIncheckoutPage -->
      <class name="com.automation.testcases.TC4_ValidateScrollUScrollDown">
        <test-method is-config="true" signature="launchBrowser()[pri:0, instance:com.automation.testcases.TC4_ValidateScrollUScrollDown@4b741d6d]" started-at="2023-10-06T13:44:30 IST" name="launchBrowser" finished-at="2023-10-06T13:44:51 IST" duration-ms="21310" status="PASS">
          <reporter-output>
          </reporter-output>
        </test-method> <!-- launchBrowser -->
        <test-method signature="testScrollUpScrollDown()[pri:0, instance:com.automation.testcases.TC4_ValidateScrollUScrollDown@4b741d6d]" started-at="2023-10-06T13:44:51 IST" name="testScrollUpScrollDown" finished-at="2023-10-06T13:44:52 IST" duration-ms="737" status="PASS">
          <reporter-output>
          </reporter-output>
        </test-method> <!-- testScrollUpScrollDown -->
        <test-method is-config="true" signature="closeBrowser()[pri:0, instance:com.automation.testcases.TC4_ValidateScrollUScrollDown@4b741d6d]" started-at="2023-10-06T13:44:52 IST" name="closeBrowser" finished-at="2023-10-06T13:44:53 IST" duration-ms="1415" status="PASS">
          <reporter-output>
          </reporter-output>
        </test-method> <!-- closeBrowser -->
      </class> <!-- com.automation.testcases.TC4_ValidateScrollUScrollDown -->
    </test> <!-- AutomationExcercise -->
  </suite> <!-- E-commerceapplication -->
</testng-results>
